mode: set
latte/compiler/frontend/inheritance.go:3.104,5.46 1 1
latte/compiler/frontend/inheritance.go:11.2,12.46 2 1
latte/compiler/frontend/inheritance.go:21.2,25.51 4 1
latte/compiler/frontend/inheritance.go:46.2,49.12 3 1
latte/compiler/frontend/inheritance.go:5.46,9.3 1 1
latte/compiler/frontend/inheritance.go:12.46,13.55 1 1
latte/compiler/frontend/inheritance.go:13.55,15.18 2 1
latte/compiler/frontend/inheritance.go:15.18,17.5 1 1
latte/compiler/frontend/inheritance.go:25.51,27.10 2 1
latte/compiler/frontend/inheritance.go:31.3,31.51 1 1
latte/compiler/frontend/inheritance.go:27.10,28.12 1 1
latte/compiler/frontend/inheritance.go:31.51,32.50 1 1
latte/compiler/frontend/inheritance.go:32.50,40.5 1 1
latte/compiler/frontend/inheritance.go:41.9,43.4 1 1
latte/compiler/frontend/inheritance.go:52.45,54.38 2 1
latte/compiler/frontend/inheritance.go:65.2,65.12 1 1
latte/compiler/frontend/inheritance.go:54.38,55.36 1 1
latte/compiler/frontend/inheritance.go:59.3,60.65 2 1
latte/compiler/frontend/inheritance.go:55.36,56.12 1 1
latte/compiler/frontend/inheritance.go:60.65,62.4 1 1
latte/compiler/frontend/syntax_error_listener.go:14.38,16.2 1 1
latte/compiler/frontend/syntax_error_listener.go:23.138,30.2 1 1
latte/compiler/frontend/syntax_error_listener.go:32.58,33.23 1 1
latte/compiler/frontend/syntax_error_listener.go:37.2,37.12 1 1
latte/compiler/frontend/syntax_error_listener.go:33.23,35.3 1 1
latte/compiler/frontend/top_def_visitor.go:21.49,25.2 1 1
latte/compiler/frontend/top_def_visitor.go:27.67,28.50 1 1
latte/compiler/frontend/top_def_visitor.go:35.2,36.12 2 1
latte/compiler/frontend/top_def_visitor.go:28.50,34.3 1 1
latte/compiler/frontend/top_def_visitor.go:48.114,49.35 1 1
latte/compiler/frontend/top_def_visitor.go:54.2,54.55 1 1
latte/compiler/frontend/top_def_visitor.go:58.2,58.29 1 1
latte/compiler/frontend/top_def_visitor.go:74.2,74.12 1 1
latte/compiler/frontend/top_def_visitor.go:49.35,51.3 1 1
latte/compiler/frontend/top_def_visitor.go:54.55,56.3 1 1
latte/compiler/frontend/top_def_visitor.go:59.17,62.90 3 1
latte/compiler/frontend/top_def_visitor.go:65.3,65.31 1 1
latte/compiler/frontend/top_def_visitor.go:66.15,67.27 1 1
latte/compiler/frontend/top_def_visitor.go:62.90,64.4 1 1
latte/compiler/frontend/top_def_visitor.go:67.27,68.36 1 1
latte/compiler/frontend/top_def_visitor.go:68.36,70.5 1 1
latte/compiler/frontend/top_def_visitor.go:77.60,79.43 2 1
latte/compiler/frontend/top_def_visitor.go:91.2,91.12 1 1
latte/compiler/frontend/top_def_visitor.go:79.43,82.10 3 1
latte/compiler/frontend/top_def_visitor.go:86.3,86.66 1 1
latte/compiler/frontend/top_def_visitor.go:82.10,83.12 1 1
latte/compiler/frontend/top_def_visitor.go:86.66,88.4 1 1
latte/compiler/frontend/top_def_visitor.go:94.75,95.56 1 1
latte/compiler/frontend/top_def_visitor.go:99.2,99.49 1 1
latte/compiler/frontend/top_def_visitor.go:95.56,97.3 1 1
latte/compiler/frontend/top_def_visitor.go:102.69,104.2 1 1
latte/compiler/frontend/top_def_visitor.go:106.82,108.40 2 1
latte/compiler/frontend/top_def_visitor.go:114.2,114.12 1 1
latte/compiler/frontend/top_def_visitor.go:108.40,109.44 1 1
latte/compiler/frontend/top_def_visitor.go:109.44,111.4 1 1
latte/compiler/frontend/top_def_visitor.go:117.80,118.37 1 1
latte/compiler/frontend/top_def_visitor.go:122.2,122.32 1 1
latte/compiler/frontend/top_def_visitor.go:118.37,120.3 1 1
latte/compiler/frontend/top_def_visitor.go:126.80,133.22 2 1
latte/compiler/frontend/top_def_visitor.go:141.2,141.17 1 1
latte/compiler/frontend/top_def_visitor.go:147.2,147.12 1 1
latte/compiler/frontend/top_def_visitor.go:133.22,135.34 2 1
latte/compiler/frontend/top_def_visitor.go:138.3,138.27 1 1
latte/compiler/frontend/top_def_visitor.go:135.34,137.4 1 1
latte/compiler/frontend/top_def_visitor.go:141.17,142.56 1 1
latte/compiler/frontend/top_def_visitor.go:142.56,144.4 1 1
latte/compiler/frontend/top_def_visitor.go:150.74,153.33 3 1
latte/compiler/frontend/top_def_visitor.go:172.2,172.12 1 1
latte/compiler/frontend/top_def_visitor.go:153.33,154.38 1 1
latte/compiler/frontend/top_def_visitor.go:163.3,169.5 4 1
latte/compiler/frontend/top_def_visitor.go:154.38,161.4 2 1
latte/compiler/frontend/top_def_visitor.go:175.84,177.2 1 1
latte/compiler/frontend/top_def_visitor.go:179.86,181.2 1 1
latte/compiler/frontend/top_def_visitor.go:183.76,185.2 1 1
latte/compiler/frontend/top_def_visitor.go:187.76,189.2 1 1
latte/compiler/frontend/top_def_visitor.go:191.78,193.2 1 1
latte/compiler/frontend/top_def_visitor.go:195.78,197.2 1 1
latte/compiler/frontend/top_def_visitor.go:199.80,203.2 1 1
latte/compiler/frontend/top_def_visitor.go:205.80,211.2 2 1
latte/compiler/frontend/top_def_visitor.go:218.99,220.34 2 1
latte/compiler/frontend/top_def_visitor.go:238.2,238.17 1 1
latte/compiler/frontend/top_def_visitor.go:220.34,222.33 2 1
latte/compiler/frontend/top_def_visitor.go:226.3,227.39 2 1
latte/compiler/frontend/top_def_visitor.go:235.3,235.21 1 1
latte/compiler/frontend/top_def_visitor.go:222.33,224.4 1 1
latte/compiler/frontend/top_def_visitor.go:227.39,233.4 1 1
latte/compiler/frontend/top_def_visitor.go:241.92,243.16 2 1
latte/compiler/frontend/top_def_visitor.go:247.2,252.46 2 1
latte/compiler/frontend/top_def_visitor.go:243.16,245.3 1 1
latte/compiler/frontend/top_def_visitor.go:256.98,259.16 3 1
latte/compiler/frontend/top_def_visitor.go:263.2,270.46 3 1
latte/compiler/frontend/top_def_visitor.go:259.16,261.3 1 1
latte/compiler/frontend/top_def_visitor.go:273.94,278.2 1 1
latte/compiler/frontend/top_def_visitor.go:280.96,284.32 4 1
latte/compiler/frontend/top_def_visitor.go:288.2,292.3 2 1
latte/compiler/frontend/top_def_visitor.go:284.32,286.3 1 1
latte/compiler/frontend/type_check_visitor.go:31.55,33.2 1 1
latte/compiler/frontend/type_check_visitor.go:35.68,37.2 1 1
latte/compiler/frontend/type_check_visitor.go:39.81,41.40 2 1
latte/compiler/frontend/type_check_visitor.go:47.2,47.12 1 1
latte/compiler/frontend/type_check_visitor.go:41.40,42.44 1 1
latte/compiler/frontend/type_check_visitor.go:42.44,44.4 1 1
latte/compiler/frontend/type_check_visitor.go:50.66,52.9 2 1
latte/compiler/frontend/type_check_visitor.go:56.2,56.56 1 1
latte/compiler/frontend/type_check_visitor.go:62.2,62.34 1 1
latte/compiler/frontend/type_check_visitor.go:52.9,54.3 1 1
latte/compiler/frontend/type_check_visitor.go:56.56,60.3 3 1
latte/compiler/frontend/type_check_visitor.go:65.85,66.16 1 1
latte/compiler/frontend/type_check_visitor.go:70.2,71.16 2 1
latte/compiler/frontend/type_check_visitor.go:74.2,74.62 1 1
latte/compiler/frontend/type_check_visitor.go:82.2,82.12 1 1
latte/compiler/frontend/type_check_visitor.go:66.16,68.3 1 0
latte/compiler/frontend/type_check_visitor.go:71.16,73.3 1 1
latte/compiler/frontend/type_check_visitor.go:74.62,80.3 1 1
latte/compiler/frontend/type_check_visitor.go:85.71,90.43 3 1
latte/compiler/frontend/type_check_visitor.go:94.2,94.16 1 1
latte/compiler/frontend/type_check_visitor.go:90.43,92.3 1 1
latte/compiler/frontend/type_check_visitor.go:94.16,96.30 1 1
latte/compiler/frontend/type_check_visitor.go:99.3,99.12 1 1
latte/compiler/frontend/type_check_visitor.go:96.30,98.4 1 1
latte/compiler/frontend/type_check_visitor.go:103.79,104.37 1 1
latte/compiler/frontend/type_check_visitor.go:108.2,108.32 1 1
latte/compiler/frontend/type_check_visitor.go:104.37,106.3 1 1
latte/compiler/frontend/type_check_visitor.go:111.73,113.2 1 1
latte/compiler/frontend/type_check_visitor.go:115.78,117.2 1 1
latte/compiler/frontend/type_check_visitor.go:119.71,122.2 2 1
latte/compiler/frontend/type_check_visitor.go:124.72,127.2 2 1
latte/compiler/frontend/type_check_visitor.go:129.66,130.41 1 1
latte/compiler/frontend/type_check_visitor.go:134.2,134.30 1 1
latte/compiler/frontend/type_check_visitor.go:130.41,132.3 1 1
latte/compiler/frontend/type_check_visitor.go:137.79,141.9 3 1
latte/compiler/frontend/type_check_visitor.go:145.2,146.9 2 1
latte/compiler/frontend/type_check_visitor.go:150.2,150.47 1 1
latte/compiler/frontend/type_check_visitor.go:158.2,159.37 2 1
latte/compiler/frontend/type_check_visitor.go:162.2,165.15 3 1
latte/compiler/frontend/type_check_visitor.go:166.2,167.32 2 1
latte/compiler/frontend/type_check_visitor.go:171.2,172.61 2 1
latte/compiler/frontend/type_check_visitor.go:178.2,178.12 1 1
latte/compiler/frontend/type_check_visitor.go:141.9,142.98 1 0
latte/compiler/frontend/type_check_visitor.go:146.9,147.118 1 0
latte/compiler/frontend/type_check_visitor.go:150.47,151.62 1 1
latte/compiler/frontend/type_check_visitor.go:151.62,155.4 1 1
latte/compiler/frontend/type_check_visitor.go:159.37,161.3 1 1
latte/compiler/frontend/type_check_visitor.go:165.15,165.33 1 1
latte/compiler/frontend/type_check_visitor.go:167.32,169.3 1 1
latte/compiler/frontend/type_check_visitor.go:172.61,176.3 1 1
latte/compiler/frontend/type_check_visitor.go:181.91,183.9 2 1
latte/compiler/frontend/type_check_visitor.go:187.2,188.9 2 1
latte/compiler/frontend/type_check_visitor.go:192.2,195.39 3 1
latte/compiler/frontend/type_check_visitor.go:201.2,202.12 2 1
latte/compiler/frontend/type_check_visitor.go:183.9,184.117 1 0
latte/compiler/frontend/type_check_visitor.go:188.9,189.121 1 0
latte/compiler/frontend/type_check_visitor.go:195.39,196.44 1 1
latte/compiler/frontend/type_check_visitor.go:196.44,198.4 1 1
latte/compiler/frontend/type_check_visitor.go:205.97,207.9 2 1
latte/compiler/frontend/type_check_visitor.go:211.2,212.9 2 1
latte/compiler/frontend/type_check_visitor.go:216.2,220.39 3 1
latte/compiler/frontend/type_check_visitor.go:226.2,227.12 2 1
latte/compiler/frontend/type_check_visitor.go:207.9,208.118 1 0
latte/compiler/frontend/type_check_visitor.go:212.9,213.122 1 0
latte/compiler/frontend/type_check_visitor.go:220.39,221.44 1 1
latte/compiler/frontend/type_check_visitor.go:221.44,223.4 1 0
latte/compiler/frontend/type_check_visitor.go:230.93,232.2 1 1
latte/compiler/frontend/type_check_visitor.go:234.95,236.2 1 1
latte/compiler/frontend/type_check_visitor.go:238.77,240.15 2 1
latte/compiler/frontend/type_check_visitor.go:241.2,242.37 2 1
latte/compiler/frontend/type_check_visitor.go:253.2,253.30 1 1
latte/compiler/frontend/type_check_visitor.go:263.2,263.16 1 1
latte/compiler/frontend/type_check_visitor.go:240.15,240.28 1 1
latte/compiler/frontend/type_check_visitor.go:242.37,244.17 2 1
latte/compiler/frontend/type_check_visitor.go:247.3,250.4 1 1
latte/compiler/frontend/type_check_visitor.go:244.17,246.4 1 1
latte/compiler/frontend/type_check_visitor.go:253.30,255.31 2 1
latte/compiler/frontend/type_check_visitor.go:259.3,260.58 2 1
latte/compiler/frontend/type_check_visitor.go:255.31,256.9 1 1
latte/compiler/frontend/type_check_visitor.go:266.94,268.32 2 1
latte/compiler/frontend/type_check_visitor.go:272.2,273.9 2 1
latte/compiler/frontend/type_check_visitor.go:277.2,277.15 1 1
latte/compiler/frontend/type_check_visitor.go:268.32,270.3 1 1
latte/compiler/frontend/type_check_visitor.go:273.9,274.52 1 0
latte/compiler/frontend/type_check_visitor.go:280.79,282.2 1 1
latte/compiler/frontend/type_check_visitor.go:284.87,286.2 1 1
latte/compiler/frontend/type_check_visitor.go:288.77,290.30 2 1
latte/compiler/frontend/type_check_visitor.go:294.2,295.37 2 1
latte/compiler/frontend/type_check_visitor.go:319.2,319.21 1 1
latte/compiler/frontend/type_check_visitor.go:290.30,292.3 1 1
latte/compiler/frontend/type_check_visitor.go:295.37,297.10 2 1
latte/compiler/frontend/type_check_visitor.go:300.3,301.59 2 1
latte/compiler/frontend/type_check_visitor.go:309.3,309.25 1 1
latte/compiler/frontend/type_check_visitor.go:314.3,317.5 1 1
latte/compiler/frontend/type_check_visitor.go:297.10,298.67 1 0
latte/compiler/frontend/type_check_visitor.go:301.59,307.4 1 1
latte/compiler/frontend/type_check_visitor.go:309.25,310.57 1 1
latte/compiler/frontend/type_check_visitor.go:310.57,312.5 1 1
latte/compiler/frontend/type_check_visitor.go:322.81,324.16 2 1
latte/compiler/frontend/type_check_visitor.go:328.2,328.33 1 1
latte/compiler/frontend/type_check_visitor.go:332.2,332.30 1 1
latte/compiler/frontend/type_check_visitor.go:324.16,326.3 1 0
latte/compiler/frontend/type_check_visitor.go:328.33,330.3 1 1
latte/compiler/frontend/type_check_visitor.go:335.87,337.16 2 1
latte/compiler/frontend/type_check_visitor.go:341.2,342.9 2 1
latte/compiler/frontend/type_check_visitor.go:349.2,349.58 1 1
latte/compiler/frontend/type_check_visitor.go:352.2,352.17 1 1
latte/compiler/frontend/type_check_visitor.go:337.16,339.3 1 0
latte/compiler/frontend/type_check_visitor.go:342.9,347.3 1 1
latte/compiler/frontend/type_check_visitor.go:349.58,351.3 1 0
latte/compiler/frontend/type_check_visitor.go:355.75,357.9 2 1
latte/compiler/frontend/type_check_visitor.go:363.2,363.15 1 1
latte/compiler/frontend/type_check_visitor.go:357.9,361.3 1 1
latte/compiler/frontend/type_check_visitor.go:366.75,368.16 2 1
latte/compiler/frontend/type_check_visitor.go:371.2,371.52 1 1
latte/compiler/frontend/type_check_visitor.go:374.2,374.21 1 1
latte/compiler/frontend/type_check_visitor.go:368.16,370.3 1 1
latte/compiler/frontend/type_check_visitor.go:371.52,373.3 1 1
latte/compiler/frontend/type_check_visitor.go:377.77,379.16 2 1
latte/compiler/frontend/type_check_visitor.go:383.2,383.26 1 1
latte/compiler/frontend/type_check_visitor.go:391.2,391.21 1 1
latte/compiler/frontend/type_check_visitor.go:379.16,381.3 1 0
latte/compiler/frontend/type_check_visitor.go:383.26,389.3 1 1
latte/compiler/frontend/type_check_visitor.go:394.77,396.16 2 1
latte/compiler/frontend/type_check_visitor.go:400.2,400.26 1 1
latte/compiler/frontend/type_check_visitor.go:408.2,408.21 1 1
latte/compiler/frontend/type_check_visitor.go:396.16,398.3 1 0
latte/compiler/frontend/type_check_visitor.go:400.26,406.3 1 1
latte/compiler/frontend/type_check_visitor.go:411.75,412.40 1 1
latte/compiler/frontend/type_check_visitor.go:419.2,419.66 1 1
latte/compiler/frontend/type_check_visitor.go:423.2,426.3 1 1
latte/compiler/frontend/type_check_visitor.go:412.40,417.3 1 1
latte/compiler/frontend/type_check_visitor.go:419.66,421.3 1 1
latte/compiler/frontend/type_check_visitor.go:429.77,430.41 1 1
latte/compiler/frontend/type_check_visitor.go:436.2,439.3 1 1
latte/compiler/frontend/type_check_visitor.go:430.41,435.3 1 1
latte/compiler/frontend/type_check_visitor.go:442.89,443.45 1 1
latte/compiler/frontend/type_check_visitor.go:449.2,449.24 1 1
latte/compiler/frontend/type_check_visitor.go:443.45,447.3 1 1
latte/compiler/frontend/type_check_visitor.go:452.77,454.16 2 1
latte/compiler/frontend/type_check_visitor.go:458.2,459.9 2 1
latte/compiler/frontend/type_check_visitor.go:467.2,468.16 2 1
latte/compiler/frontend/type_check_visitor.go:473.2,473.42 1 1
latte/compiler/frontend/type_check_visitor.go:477.2,480.3 1 1
latte/compiler/frontend/type_check_visitor.go:454.16,456.3 1 1
latte/compiler/frontend/type_check_visitor.go:459.9,465.3 1 1
latte/compiler/frontend/type_check_visitor.go:468.16,470.3 1 1
latte/compiler/frontend/type_check_visitor.go:473.42,475.3 1 1
latte/compiler/frontend/type_check_visitor.go:483.85,485.16 2 1
latte/compiler/frontend/type_check_visitor.go:489.2,490.9 2 1
latte/compiler/frontend/type_check_visitor.go:498.2,499.16 2 1
latte/compiler/frontend/type_check_visitor.go:503.2,504.16 2 1
latte/compiler/frontend/type_check_visitor.go:508.2,508.25 1 1
latte/compiler/frontend/type_check_visitor.go:516.2,519.3 1 1
latte/compiler/frontend/type_check_visitor.go:485.16,487.3 1 0
latte/compiler/frontend/type_check_visitor.go:490.9,496.3 1 1
latte/compiler/frontend/type_check_visitor.go:499.16,501.3 1 1
latte/compiler/frontend/type_check_visitor.go:504.16,506.3 1 1
latte/compiler/frontend/type_check_visitor.go:508.25,509.20 1 1
latte/compiler/frontend/type_check_visitor.go:509.20,511.4 1 1
latte/compiler/frontend/type_check_visitor.go:511.9,513.4 1 1
latte/compiler/frontend/type_check_visitor.go:522.79,524.16 2 1
latte/compiler/frontend/type_check_visitor.go:528.2,529.9 2 1
latte/compiler/frontend/type_check_visitor.go:537.2,538.16 2 1
latte/compiler/frontend/type_check_visitor.go:542.2,542.42 1 1
latte/compiler/frontend/type_check_visitor.go:549.2,552.3 1 1
latte/compiler/frontend/type_check_visitor.go:524.16,526.3 1 0
latte/compiler/frontend/type_check_visitor.go:529.9,535.3 1 1
latte/compiler/frontend/type_check_visitor.go:538.16,540.3 1 1
latte/compiler/frontend/type_check_visitor.go:542.42,547.3 1 1
latte/compiler/frontend/type_check_visitor.go:555.75,557.32 2 1
latte/compiler/frontend/type_check_visitor.go:561.2,564.16 3 1
latte/compiler/frontend/type_check_visitor.go:568.2,569.9 2 1
latte/compiler/frontend/type_check_visitor.go:577.2,577.58 1 1
latte/compiler/frontend/type_check_visitor.go:585.2,587.16 3 1
latte/compiler/frontend/type_check_visitor.go:591.2,594.3 1 1
latte/compiler/frontend/type_check_visitor.go:557.32,559.3 1 0
latte/compiler/frontend/type_check_visitor.go:564.16,566.3 1 0
latte/compiler/frontend/type_check_visitor.go:569.9,575.3 1 1
latte/compiler/frontend/type_check_visitor.go:577.58,583.3 1 1
latte/compiler/frontend/type_check_visitor.go:587.16,589.3 1 1
latte/compiler/frontend/type_check_visitor.go:597.75,598.50 1 1
latte/compiler/frontend/type_check_visitor.go:601.2,604.3 1 1
latte/compiler/frontend/type_check_visitor.go:598.50,600.3 1 1
latte/compiler/frontend/type_check_visitor.go:607.80,609.32 2 1
latte/compiler/frontend/type_check_visitor.go:613.2,613.24 1 1
latte/compiler/frontend/type_check_visitor.go:609.32,611.3 1 1
latte/compiler/frontend/type_check_visitor.go:616.77,618.32 2 1
latte/compiler/frontend/type_check_visitor.go:622.2,622.41 1 1
latte/compiler/frontend/type_check_visitor.go:627.2,627.31 1 1
latte/compiler/frontend/type_check_visitor.go:631.2,631.83 1 0
latte/compiler/frontend/type_check_visitor.go:618.32,620.3 1 1
latte/compiler/frontend/type_check_visitor.go:622.41,625.3 2 1
latte/compiler/frontend/type_check_visitor.go:627.31,629.3 1 1
latte/compiler/frontend/type_check_visitor.go:634.79,636.16 2 1
latte/compiler/frontend/type_check_visitor.go:640.2,642.8 3 1
latte/compiler/frontend/type_check_visitor.go:650.2,652.3 1 1
latte/compiler/frontend/type_check_visitor.go:636.16,638.3 1 1
latte/compiler/frontend/type_check_visitor.go:642.8,648.3 2 1
latte/compiler/frontend/type_check_visitor.go:655.79,657.16 2 1
latte/compiler/frontend/type_check_visitor.go:661.2,663.8 3 1
latte/compiler/frontend/type_check_visitor.go:671.2,673.3 1 1
latte/compiler/frontend/type_check_visitor.go:657.16,659.3 1 1
latte/compiler/frontend/type_check_visitor.go:663.8,669.3 2 1
latte/compiler/frontend/type_check_visitor.go:676.79,678.16 2 1
latte/compiler/frontend/type_check_visitor.go:682.2,683.16 2 1
latte/compiler/frontend/type_check_visitor.go:687.2,687.23 1 1
latte/compiler/frontend/type_check_visitor.go:695.2,695.46 1 1
latte/compiler/frontend/type_check_visitor.go:703.2,706.3 1 1
latte/compiler/frontend/type_check_visitor.go:678.16,680.3 1 0
latte/compiler/frontend/type_check_visitor.go:683.16,685.3 1 1
latte/compiler/frontend/type_check_visitor.go:687.23,693.3 1 1
latte/compiler/frontend/type_check_visitor.go:695.46,701.3 1 1
latte/compiler/frontend/type_check_visitor.go:709.79,711.16 2 1
latte/compiler/frontend/type_check_visitor.go:715.2,716.16 2 1
latte/compiler/frontend/type_check_visitor.go:720.2,720.23 1 1
latte/compiler/frontend/type_check_visitor.go:728.2,729.34 2 1
latte/compiler/frontend/type_check_visitor.go:733.2,733.43 1 1
latte/compiler/frontend/type_check_visitor.go:741.2,741.19 1 1
latte/compiler/frontend/type_check_visitor.go:711.16,713.3 1 1
latte/compiler/frontend/type_check_visitor.go:716.16,718.3 1 1
latte/compiler/frontend/type_check_visitor.go:720.23,726.3 1 1
latte/compiler/frontend/type_check_visitor.go:729.34,731.3 1 1
latte/compiler/frontend/type_check_visitor.go:733.43,739.3 1 1
latte/compiler/frontend/type_check_visitor.go:742.12,746.4 1 1
latte/compiler/frontend/type_check_visitor.go:747.15,751.4 1 1
latte/compiler/frontend/type_check_visitor.go:752.10,753.33 1 0
latte/compiler/frontend/type_check_visitor.go:757.79,759.16 2 1
latte/compiler/frontend/type_check_visitor.go:763.2,764.16 2 1
latte/compiler/frontend/type_check_visitor.go:768.2,768.74 1 1
latte/compiler/frontend/type_check_visitor.go:776.2,776.31 1 1
latte/compiler/frontend/type_check_visitor.go:787.2,790.3 1 1
latte/compiler/frontend/type_check_visitor.go:759.16,761.3 1 1
latte/compiler/frontend/type_check_visitor.go:764.16,766.3 1 1
latte/compiler/frontend/type_check_visitor.go:768.74,774.3 1 1
latte/compiler/frontend/type_check_visitor.go:777.28,778.54 1 1
latte/compiler/frontend/type_check_visitor.go:778.54,784.4 1 1
latte/compiler/frontend/type_check_visitor.go:793.75,795.16 2 1
latte/compiler/frontend/type_check_visitor.go:799.2,800.16 2 1
latte/compiler/frontend/type_check_visitor.go:804.2,804.28 1 1
latte/compiler/frontend/type_check_visitor.go:812.2,812.28 1 1
latte/compiler/frontend/type_check_visitor.go:820.2,823.3 1 1
latte/compiler/frontend/type_check_visitor.go:795.16,797.3 1 0
latte/compiler/frontend/type_check_visitor.go:800.16,802.3 1 1
latte/compiler/frontend/type_check_visitor.go:804.28,810.3 1 1
latte/compiler/frontend/type_check_visitor.go:812.28,818.3 1 1
latte/compiler/frontend/type_check_visitor.go:826.73,828.16 2 1
latte/compiler/frontend/type_check_visitor.go:832.2,833.16 2 1
latte/compiler/frontend/type_check_visitor.go:837.2,837.28 1 1
latte/compiler/frontend/type_check_visitor.go:845.2,845.28 1 1
latte/compiler/frontend/type_check_visitor.go:852.2,855.3 1 1
latte/compiler/frontend/type_check_visitor.go:828.16,830.3 1 0
latte/compiler/frontend/type_check_visitor.go:833.16,835.3 1 1
latte/compiler/frontend/type_check_visitor.go:837.28,843.3 1 1
latte/compiler/frontend/type_check_visitor.go:845.28,851.3 1 1
latte/compiler/frontend/type_check_visitor.go:858.85,860.30 2 1
latte/compiler/frontend/type_check_visitor.go:864.2,867.16 4 1
latte/compiler/frontend/type_check_visitor.go:871.2,871.34 1 1
latte/compiler/frontend/type_check_visitor.go:878.2,882.12 2 1
latte/compiler/frontend/type_check_visitor.go:860.30,862.3 1 0
latte/compiler/frontend/type_check_visitor.go:867.16,869.3 1 0
latte/compiler/frontend/type_check_visitor.go:871.34,876.3 1 1
latte/compiler/frontend/type_check_visitor.go:885.75,887.30 2 1
latte/compiler/frontend/type_check_visitor.go:891.2,892.9 2 1
latte/compiler/frontend/type_check_visitor.go:898.2,898.12 1 1
latte/compiler/frontend/type_check_visitor.go:887.30,889.3 1 1
latte/compiler/frontend/type_check_visitor.go:892.9,896.3 1 0
latte/compiler/frontend/type_check_visitor.go:901.91,903.16 2 1
latte/compiler/frontend/type_check_visitor.go:907.2,908.8 2 1
latte/compiler/frontend/type_check_visitor.go:915.2,915.29 1 1
latte/compiler/frontend/type_check_visitor.go:903.16,905.3 1 1
latte/compiler/frontend/type_check_visitor.go:908.8,910.3 1 1
latte/compiler/frontend/type_check_visitor.go:910.8,910.35 1 1
latte/compiler/frontend/type_check_visitor.go:910.35,912.3 1 1
latte/compiler/frontend/type_check_visitor.go:918.85,920.16 2 1
latte/compiler/frontend/type_check_visitor.go:924.2,925.9 2 1
latte/compiler/frontend/type_check_visitor.go:932.2,932.58 1 1
latte/compiler/frontend/type_check_visitor.go:936.2,936.17 1 1
latte/compiler/frontend/type_check_visitor.go:920.16,922.3 1 0
latte/compiler/frontend/type_check_visitor.go:925.9,930.3 1 1
latte/compiler/frontend/type_check_visitor.go:932.58,934.3 1 1
latte/compiler/frontend/type_check_visitor.go:939.77,941.2 1 1
latte/compiler/frontend/type_check_visitor.go:943.73,945.41 2 1
latte/compiler/frontend/type_check_visitor.go:949.2,949.51 1 1
latte/compiler/frontend/type_check_visitor.go:945.41,947.3 1 1
latte/compiler/frontend/type_check_visitor.go:952.75,954.16 2 1
latte/compiler/frontend/type_check_visitor.go:960.2,963.3 1 1
latte/compiler/frontend/type_check_visitor.go:954.16,958.3 1 1
latte/compiler/frontend/type_check_visitor.go:966.77,972.2 2 1
latte/compiler/frontend/type_check_visitor.go:974.79,980.2 2 1
latte/compiler/frontend/type_check_visitor.go:982.75,989.2 3 1
latte/compiler/frontend/type_check_visitor.go:991.83,994.9 3 1
latte/compiler/frontend/type_check_visitor.go:1000.2,1001.9 2 1
latte/compiler/frontend/type_check_visitor.go:1008.2,1008.47 1 1
latte/compiler/frontend/type_check_visitor.go:1015.2,1015.34 1 1
latte/compiler/frontend/type_check_visitor.go:1021.2,1021.54 1 1
latte/compiler/frontend/type_check_visitor.go:1025.2,1025.25 1 1
latte/compiler/frontend/type_check_visitor.go:994.9,998.3 1 1
latte/compiler/frontend/type_check_visitor.go:1001.9,1006.3 1 1
latte/compiler/frontend/type_check_visitor.go:1008.47,1013.3 1 1
latte/compiler/frontend/type_check_visitor.go:1015.34,1016.65 1 1
latte/compiler/frontend/type_check_visitor.go:1016.65,1018.4 1 1
latte/compiler/frontend/type_check_visitor.go:1021.54,1024.3 2 1
latte/compiler/frontend/type_check_visitor.go:1028.77,1031.9 3 1
latte/compiler/frontend/type_check_visitor.go:1035.2,1036.9 2 1
latte/compiler/frontend/type_check_visitor.go:1041.2,1041.14 1 1
latte/compiler/frontend/type_check_visitor.go:1031.9,1033.3 1 1
latte/compiler/frontend/type_check_visitor.go:1036.9,1040.3 1 1
latte/compiler/frontend/type_check_visitor.go:1044.79,1046.2 1 1
latte/compiler/frontend/type_check_visitor.go:1048.83,1050.2 1 1
latte/compiler/frontend/type_check_visitor.go:1052.85,1054.2 1 1
latte/compiler/frontend/type_check_visitor.go:1056.75,1058.2 1 1
latte/compiler/frontend/type_check_visitor.go:1060.75,1062.2 1 1
latte/compiler/frontend/type_check_visitor.go:1064.77,1066.2 1 1
latte/compiler/frontend/type_check_visitor.go:1068.77,1070.2 1 0
latte/compiler/frontend/type_check_visitor.go:1072.79,1075.9 3 1
latte/compiler/frontend/type_check_visitor.go:1083.2,1084.9 2 1
latte/compiler/frontend/type_check_visitor.go:1090.2,1090.14 1 1
latte/compiler/frontend/type_check_visitor.go:1075.9,1081.3 1 1
latte/compiler/frontend/type_check_visitor.go:1084.9,1088.3 1 1
latte/compiler/frontend/type_check_visitor.go:1093.79,1095.30 2 1
latte/compiler/frontend/type_check_visitor.go:1099.2,1102.3 1 1
latte/compiler/frontend/type_check_visitor.go:1095.30,1097.3 1 0
latte/compiler/frontend/types.go:28.34,73.2 1 1
latte/compiler/frontend/types.go:75.68,76.35 1 1
latte/compiler/frontend/types.go:80.2,80.26 1 1
latte/compiler/frontend/types.go:76.35,78.3 1 1
latte/compiler/frontend/types.go:83.78,84.34 1 1
latte/compiler/frontend/types.go:90.2,90.26 1 1
latte/compiler/frontend/types.go:84.34,85.23 1 1
latte/compiler/frontend/types.go:85.23,87.4 1 1
latte/compiler/frontend/types.go:93.58,98.2 1 1
latte/compiler/frontend/types.go:102.82,109.8 3 0
latte/compiler/frontend/types.go:119.2,119.16 1 0
latte/compiler/frontend/types.go:109.8,110.25 1 0
latte/compiler/frontend/types.go:114.3,114.17 1 0
latte/compiler/frontend/types.go:110.25,111.59 1 0
latte/compiler/frontend/types.go:114.17,116.4 1 0
latte/compiler/frontend/types.go:119.16,121.3 1 0
latte/compiler/frontend/types.go:126.81,133.8 3 1
latte/compiler/frontend/types.go:143.2,143.16 1 1
latte/compiler/frontend/types.go:133.8,134.25 1 1
latte/compiler/frontend/types.go:138.3,138.17 1 1
latte/compiler/frontend/types.go:134.25,135.59 1 0
latte/compiler/frontend/types.go:138.17,140.4 1 1
latte/compiler/frontend/types.go:143.16,145.3 1 1
latte/compiler/frontend/types.go:148.41,149.14 1 1
latte/compiler/frontend/types.go:152.2,152.70 1 1
latte/compiler/frontend/types.go:149.14,151.3 1 0
latte/compiler/frontend/types.go:155.31,157.2 1 1
latte/compiler/frontend/types.go:187.30,189.2 1 1
latte/compiler/frontend/types.go:191.34,193.2 1 0
latte/compiler/frontend/types.go:195.32,195.44 1 0
latte/compiler/frontend/types.go:197.58,199.2 1 0
latte/compiler/frontend/types.go:206.29,208.2 1 1
latte/compiler/frontend/types.go:210.33,212.2 1 1
latte/compiler/frontend/types.go:214.31,214.43 1 0
latte/compiler/frontend/types.go:216.57,217.25 1 1
latte/compiler/frontend/types.go:221.2,221.28 1 1
latte/compiler/frontend/types.go:217.25,219.3 1 1
latte/compiler/frontend/types.go:229.32,231.2 1 1
latte/compiler/frontend/types.go:233.36,235.2 1 1
latte/compiler/frontend/types.go:237.34,237.46 1 0
latte/compiler/frontend/types.go:239.60,240.25 1 1
latte/compiler/frontend/types.go:244.2,244.28 1 1
latte/compiler/frontend/types.go:240.25,242.3 1 1
latte/compiler/frontend/types.go:252.30,254.2 1 1
latte/compiler/frontend/types.go:256.34,258.2 1 0
latte/compiler/frontend/types.go:260.32,260.44 1 0
latte/compiler/frontend/types.go:262.58,263.25 1 1
latte/compiler/frontend/types.go:267.2,267.28 1 1
latte/compiler/frontend/types.go:263.25,265.3 1 1
latte/compiler/frontend/types.go:276.33,278.2 1 1
latte/compiler/frontend/types.go:280.35,282.2 1 1
latte/compiler/frontend/types.go:284.25,286.36 2 0
latte/compiler/frontend/types.go:286.36,288.3 1 0
latte/compiler/frontend/types.go:291.35,295.2 1 1
latte/compiler/frontend/types.go:297.33,297.45 1 0
latte/compiler/frontend/types.go:299.59,301.2 1 1
latte/compiler/frontend/types.go:307.36,309.2 1 1
latte/compiler/frontend/types.go:311.38,313.2 1 1
latte/compiler/frontend/types.go:315.36,315.48 1 0
latte/compiler/frontend/types.go:317.62,319.2 1 0
latte/compiler/frontend/types.go:326.33,328.2 1 1
latte/compiler/frontend/types.go:330.35,332.2 1 0
latte/compiler/frontend/types.go:334.33,334.61 1 0
latte/compiler/frontend/types.go:336.59,338.2 1 0
latte/compiler/frontend/types.go:352.31,355.27 3 1
latte/compiler/frontend/types.go:364.2,365.12 2 1
latte/compiler/frontend/types.go:355.27,356.13 1 1
latte/compiler/frontend/types.go:361.3,361.25 1 1
latte/compiler/frontend/types.go:356.13,358.4 1 1
latte/compiler/frontend/types.go:358.9,360.4 1 1
latte/compiler/frontend/types.go:368.33,369.23 1 1
latte/compiler/frontend/types.go:373.2,373.45 1 1
latte/compiler/frontend/types.go:369.23,371.3 1 1
latte/compiler/frontend/types.go:376.31,376.43 1 0
latte/compiler/frontend/types.go:378.57,380.2 1 0
latte/compiler/frontend/types.go:382.55,385.18 3 1
latte/compiler/frontend/types.go:389.2,390.27 2 1
latte/compiler/frontend/types.go:446.2,446.13 1 1
latte/compiler/frontend/types.go:385.18,387.3 1 1
latte/compiler/frontend/types.go:391.13,393.13 2 1
latte/compiler/frontend/types.go:409.14,411.13 2 1
latte/compiler/frontend/types.go:423.16,425.13 2 1
latte/compiler/frontend/types.go:442.10,443.13 1 0
latte/compiler/frontend/types.go:394.12,395.19 1 1
latte/compiler/frontend/types.go:396.12,397.19 1 1
latte/compiler/frontend/types.go:398.13,399.20 1 1
latte/compiler/frontend/types.go:400.13,401.20 1 1
latte/compiler/frontend/types.go:402.13,403.20 1 1
latte/compiler/frontend/types.go:404.13,405.20 1 1
latte/compiler/frontend/types.go:406.11,407.35 1 0
latte/compiler/frontend/types.go:412.13,413.20 1 1
latte/compiler/frontend/types.go:414.13,415.20 1 1
latte/compiler/frontend/types.go:416.13,417.20 1 1
latte/compiler/frontend/types.go:418.13,419.20 1 1
latte/compiler/frontend/types.go:420.11,421.35 1 0
latte/compiler/frontend/types.go:426.12,427.19 1 1
latte/compiler/frontend/types.go:428.12,429.19 1 1
latte/compiler/frontend/types.go:430.13,431.20 1 1
latte/compiler/frontend/types.go:432.13,433.20 1 1
latte/compiler/frontend/types.go:434.13,435.20 1 1
latte/compiler/frontend/types.go:436.13,437.20 1 1
latte/compiler/frontend/types.go:438.11,439.35 1 0
latte/compiler/frontend/types.go:449.53,453.16 3 1
latte/compiler/frontend/types.go:474.2,474.12 1 1
latte/compiler/frontend/types.go:453.16,457.13 4 1
latte/compiler/frontend/types.go:471.3,471.14 1 1
latte/compiler/frontend/types.go:458.12,459.19 1 1
latte/compiler/frontend/types.go:460.12,461.19 1 1
latte/compiler/frontend/types.go:462.12,463.19 1 1
latte/compiler/frontend/types.go:464.12,465.19 1 1
latte/compiler/frontend/types.go:466.12,467.19 1 1
latte/compiler/frontend/types.go:468.11,469.34 1 0
latte/compiler/frontend/types.go:477.59,481.16 3 1
latte/compiler/frontend/types.go:494.2,494.12 1 1
latte/compiler/frontend/types.go:481.16,485.13 4 1
latte/compiler/frontend/types.go:491.3,491.14 1 1
latte/compiler/frontend/types.go:486.12,487.19 1 1
latte/compiler/frontend/types.go:488.11,489.37 1 0
latte/compiler/frontend/errors.go:11.53,13.64 1 1
latte/compiler/frontend/errors.go:17.2,20.3 1 1
latte/compiler/frontend/errors.go:13.64,15.3 1 0
latte/compiler/frontend/errors.go:23.46,26.22 3 1
latte/compiler/frontend/errors.go:35.2,35.18 1 1
latte/compiler/frontend/errors.go:26.22,27.12 1 1
latte/compiler/frontend/errors.go:32.3,32.11 1 1
latte/compiler/frontend/errors.go:27.12,29.4 1 1
latte/compiler/frontend/errors.go:29.9,31.4 1 1
latte/compiler/frontend/errors.go:43.50,54.2 1 1
latte/compiler/frontend/errors.go:61.45,75.2 1 1
latte/compiler/frontend/errors.go:81.43,88.2 1 1
latte/compiler/frontend/errors.go:96.45,110.2 1 1
latte/compiler/frontend/errors.go:116.51,123.2 1 1
latte/compiler/frontend/errors.go:130.44,143.2 1 1
latte/compiler/frontend/errors.go:150.44,162.2 1 1
latte/compiler/frontend/errors.go:169.46,183.2 1 1
latte/compiler/frontend/errors.go:191.44,205.2 1 1
latte/compiler/frontend/errors.go:212.59,225.2 1 1
latte/compiler/frontend/errors.go:232.43,241.2 1 1
latte/compiler/frontend/errors.go:248.49,257.2 1 1
latte/compiler/frontend/errors.go:264.41,275.2 1 1
latte/compiler/frontend/errors.go:281.44,289.2 1 1
latte/compiler/frontend/errors.go:296.50,307.2 1 1
latte/compiler/frontend/errors.go:313.51,322.2 1 1
latte/compiler/frontend/errors.go:328.54,335.2 1 1
latte/compiler/frontend/errors.go:341.46,350.2 1 1
latte/compiler/frontend/frontend.go:10.47,12.42 2 1
latte/compiler/frontend/frontend.go:16.2,16.42 1 1
latte/compiler/frontend/frontend.go:20.2,20.26 1 1
latte/compiler/frontend/frontend.go:12.42,14.3 1 1
latte/compiler/frontend/frontend.go:16.42,18.3 1 1
latte/compiler/frontend/frontend.go:23.46,25.16 2 1
latte/compiler/frontend/frontend.go:29.2,43.56 12 1
latte/compiler/frontend/frontend.go:47.2,47.58 1 1
latte/compiler/frontend/frontend.go:51.2,51.12 1 1
latte/compiler/frontend/frontend.go:25.16,27.3 1 0
latte/compiler/frontend/frontend.go:43.56,45.3 1 0
latte/compiler/frontend/frontend.go:47.58,49.3 1 1
latte/compiler/frontend/frontend.go:54.39,58.48 2 1
latte/compiler/frontend/frontend.go:62.2,62.51 1 1
latte/compiler/frontend/frontend.go:68.2,68.53 1 1
latte/compiler/frontend/frontend.go:80.2,80.37 1 1
latte/compiler/frontend/frontend.go:84.2,84.12 1 1
latte/compiler/frontend/frontend.go:58.48,60.3 1 1
latte/compiler/frontend/frontend.go:62.51,64.3 1 1
latte/compiler/frontend/frontend.go:64.8,64.70 1 1
latte/compiler/frontend/frontend.go:64.70,66.3 1 1
latte/compiler/frontend/frontend.go:68.53,70.3 1 1
latte/compiler/frontend/frontend.go:80.37,82.3 1 1
latte/compiler/frontend/frontend.go:87.46,91.2 3 1
latte/compiler/frontend/frontend.go:93.35,94.66 1 1
latte/compiler/frontend/frontend.go:98.2,98.12 1 1
latte/compiler/frontend/frontend.go:94.66,96.3 1 1
